17.07.2014 14:52:42 org.apache.pdfbox.util.TestImageIOUtils doTestFile
INFO: Preparing to convert raw_image_demo.pdf
17.07.2014 14:52:43 org.apache.pdfbox.util.TestImageIOUtils writeImage
INFO: Writing: target/test-output/ImageIOUtil/raw_image_demo.pdf-1.png
17.07.2014 14:52:43 org.apache.pdfbox.util.TestImageIOUtils writeImage
INFO: Writing: target/test-output/ImageIOUtil/raw_image_demo.pdf-1.jpg
17.07.2014 14:52:43 org.apache.pdfbox.util.TestImageIOUtils writeImage
INFO: Writing: target/test-output/ImageIOUtil/raw_image_demo.pdf-1.bmp
17.07.2014 14:52:43 org.apache.pdfbox.util.TestImageIOUtils writeImage
INFO: Writing: target/test-output/ImageIOUtil/raw_image_demo.pdf-1.gif
17.07.2014 14:52:43 org.apache.pdfbox.util.TestImageIOUtils writeImage
INFO: Writing: target/test-output/ImageIOUtil/raw_image_demo.pdf-1.wbmp
17.07.2014 14:52:43 org.apache.pdfbox.util.TestImageIOUtils writeImage
INFO: Writing: target/test-output/ImageIOUtil/raw_image_demo.pdf-bw-1.tif
17.07.2014 14:52:43 org.apache.pdfbox.util.TestImageIOUtils writeImage
INFO: Writing: target/test-output/ImageIOUtil/raw_image_demo.pdf-co-1.tif
17.07.2014 14:52:43 org.apache.pdfbox.util.TestImageIOUtils doTestFile
INFO: Preparing to convert jpeg_demo.pdf
17.07.2014 14:52:44 org.apache.pdfbox.util.TestImageIOUtils writeImage
INFO: Writing: target/test-output/ImageIOUtil/jpeg_demo.pdf-1.png
17.07.2014 14:52:44 org.apache.pdfbox.util.TestImageIOUtils writeImage
INFO: Writing: target/test-output/ImageIOUtil/jpeg_demo.pdf-1.jpg
17.07.2014 14:52:44 org.apache.pdfbox.util.TestImageIOUtils writeImage
INFO: Writing: target/test-output/ImageIOUtil/jpeg_demo.pdf-1.bmp
17.07.2014 14:52:45 org.apache.pdfbox.util.TestImageIOUtils writeImage
INFO: Writing: target/test-output/ImageIOUtil/jpeg_demo.pdf-1.gif
17.07.2014 14:52:45 org.apache.pdfbox.util.TestImageIOUtils writeImage
INFO: Writing: target/test-output/ImageIOUtil/jpeg_demo.pdf-1.wbmp
17.07.2014 14:52:45 org.apache.pdfbox.util.TestImageIOUtils writeImage
INFO: Writing: target/test-output/ImageIOUtil/jpeg_demo.pdf-bw-1.tif
17.07.2014 14:52:46 org.apache.pdfbox.util.TestImageIOUtils writeImage
INFO: Writing: target/test-output/ImageIOUtil/jpeg_demo.pdf-co-1.tif
17.07.2014 14:52:46 org.apache.pdfbox.util.TestImageIOUtils doTestFile
INFO: Preparing to convert ccitt4-cib-test.pdf
17.07.2014 14:52:47 org.apache.pdfbox.util.TestImageIOUtils writeImage
INFO: Writing: target/test-output/ImageIOUtil/ccitt4-cib-test.pdf-1.png
17.07.2014 14:52:48 org.apache.pdfbox.util.TestImageIOUtils writeImage
INFO: Writing: target/test-output/ImageIOUtil/ccitt4-cib-test.pdf-1.jpg
17.07.2014 14:52:48 org.apache.pdfbox.util.TestImageIOUtils writeImage
INFO: Writing: target/test-output/ImageIOUtil/ccitt4-cib-test.pdf-1.bmp
17.07.2014 14:52:49 org.apache.pdfbox.util.TestImageIOUtils writeImage
INFO: Writing: target/test-output/ImageIOUtil/ccitt4-cib-test.pdf-1.gif
17.07.2014 14:52:50 org.apache.pdfbox.util.TestImageIOUtils writeImage
INFO: Writing: target/test-output/ImageIOUtil/ccitt4-cib-test.pdf-1.wbmp
17.07.2014 14:52:50 org.apache.pdfbox.util.TestImageIOUtils writeImage
INFO: Writing: target/test-output/ImageIOUtil/ccitt4-cib-test.pdf-bw-1.tif
17.07.2014 14:52:51 org.apache.pdfbox.util.TestImageIOUtils writeImage
INFO: Writing: target/test-output/ImageIOUtil/ccitt4-cib-test.pdf-co-1.tif
17.07.2014 14:52:51 org.apache.pdfbox.util.TestImageIOUtils doTestFile
INFO: Preparing to convert JPXTestGrey.pdf
17.07.2014 14:52:52 org.apache.pdfbox.util.TestImageIOUtils writeImage
INFO: Writing: target/test-output/ImageIOUtil/JPXTestGrey.pdf-1.png
17.07.2014 14:52:52 org.apache.pdfbox.util.TestImageIOUtils writeImage
INFO: Writing: target/test-output/ImageIOUtil/JPXTestGrey.pdf-1.jpg
17.07.2014 14:52:52 org.apache.pdfbox.util.TestImageIOUtils writeImage
INFO: Writing: target/test-output/ImageIOUtil/JPXTestGrey.pdf-1.bmp
17.07.2014 14:52:53 org.apache.pdfbox.util.TestImageIOUtils writeImage
INFO: Writing: target/test-output/ImageIOUtil/JPXTestGrey.pdf-1.gif
17.07.2014 14:52:54 org.apache.pdfbox.util.TestImageIOUtils writeImage
INFO: Writing: target/test-output/ImageIOUtil/JPXTestGrey.pdf-1.wbmp
17.07.2014 14:52:54 org.apache.pdfbox.util.TestImageIOUtils writeImage
INFO: Writing: target/test-output/ImageIOUtil/JPXTestGrey.pdf-bw-1.tif
17.07.2014 14:52:54 org.apache.pdfbox.util.TestImageIOUtils writeImage
INFO: Writing: target/test-output/ImageIOUtil/JPXTestGrey.pdf-co-1.tif
17.07.2014 14:52:55 org.apache.pdfbox.util.TestImageIOUtils doTestFile
INFO: Preparing to convert JBIG2Image.pdf
17.07.2014 14:52:55 com.levigo.jbig2.util.log.JDKLogger info
INFO: JBIG2ReadParam not specified. Default will be used.
17.07.2014 14:52:55 com.levigo.jbig2.util.log.JDKLogger info
INFO: Globals not set.
17.07.2014 14:52:55 org.apache.pdfbox.pdmodel.graphics.image.PDImageXObject getSuffix
WARNUNG: getSuffix() returns null, filters: COSArrayList{COSArray{[COSName{JBIG2Decode}]}}
17.07.2014 14:52:55 org.apache.pdfbox.util.TestImageIOUtils writeImage
INFO: Writing: target/test-output/ImageIOUtil/JBIG2Image.pdf-1.png
17.07.2014 14:52:55 org.apache.pdfbox.util.TestImageIOUtils writeImage
INFO: Writing: target/test-output/ImageIOUtil/JBIG2Image.pdf-1.jpg
17.07.2014 14:52:55 org.apache.pdfbox.util.TestImageIOUtils writeImage
INFO: Writing: target/test-output/ImageIOUtil/JBIG2Image.pdf-1.bmp
17.07.2014 14:52:55 org.apache.pdfbox.util.TestImageIOUtils writeImage
INFO: Writing: target/test-output/ImageIOUtil/JBIG2Image.pdf-1.gif
17.07.2014 14:52:55 org.apache.pdfbox.util.TestImageIOUtils writeImage
INFO: Writing: target/test-output/ImageIOUtil/JBIG2Image.pdf-1.wbmp
17.07.2014 14:52:55 org.apache.pdfbox.util.TestImageIOUtils writeImage
INFO: Writing: target/test-output/ImageIOUtil/JBIG2Image.pdf-bw-1.tif
17.07.2014 14:52:55 org.apache.pdfbox.util.TestImageIOUtils writeImage
INFO: Writing: target/test-output/ImageIOUtil/JBIG2Image.pdf-co-1.tif
17.07.2014 14:52:55 org.apache.pdfbox.util.TestImageIOUtils doTestFile
INFO: Preparing to convert JPXTestCMYK.pdf
17.07.2014 14:52:56 org.apache.pdfbox.util.PDFStreamEngine processOperator
INFO: unsupported/disabled operation: BDC
17.07.2014 14:52:56 org.apache.pdfbox.util.PDFStreamEngine processOperator
INFO: unsupported/disabled operation: EMC
17.07.2014 14:52:56 org.apache.pdfbox.util.TestImageIOUtils writeImage
INFO: Writing: target/test-output/ImageIOUtil/JPXTestCMYK.pdf-1.png
17.07.2014 14:52:56 org.apache.pdfbox.util.PDFStreamEngine processOperator
INFO: unsupported/disabled operation: BDC
17.07.2014 14:52:57 org.apache.pdfbox.util.PDFStreamEngine processOperator
INFO: unsupported/disabled operation: EMC
17.07.2014 14:52:57 org.apache.pdfbox.util.TestImageIOUtils writeImage
INFO: Writing: target/test-output/ImageIOUtil/JPXTestCMYK.pdf-1.jpg
17.07.2014 14:52:57 org.apache.pdfbox.util.PDFStreamEngine processOperator
INFO: unsupported/disabled operation: BDC
17.07.2014 14:52:57 org.apache.pdfbox.util.PDFStreamEngine processOperator
INFO: unsupported/disabled operation: EMC
17.07.2014 14:52:57 org.apache.pdfbox.util.TestImageIOUtils writeImage
INFO: Writing: target/test-output/ImageIOUtil/JPXTestCMYK.pdf-1.bmp
17.07.2014 14:52:58 org.apache.pdfbox.util.PDFStreamEngine processOperator
INFO: unsupported/disabled operation: BDC
17.07.2014 14:52:58 org.apache.pdfbox.util.PDFStreamEngine processOperator
INFO: unsupported/disabled operation: EMC
17.07.2014 14:52:58 org.apache.pdfbox.util.TestImageIOUtils writeImage
INFO: Writing: target/test-output/ImageIOUtil/JPXTestCMYK.pdf-1.gif
17.07.2014 14:52:59 org.apache.pdfbox.util.PDFStreamEngine processOperator
INFO: unsupported/disabled operation: BDC
17.07.2014 14:52:59 org.apache.pdfbox.util.PDFStreamEngine processOperator
INFO: unsupported/disabled operation: EMC
17.07.2014 14:52:59 org.apache.pdfbox.util.TestImageIOUtils writeImage
INFO: Writing: target/test-output/ImageIOUtil/JPXTestCMYK.pdf-1.wbmp
17.07.2014 14:52:59 org.apache.pdfbox.util.PDFStreamEngine processOperator
INFO: unsupported/disabled operation: BDC
17.07.2014 14:52:59 org.apache.pdfbox.util.PDFStreamEngine processOperator
INFO: unsupported/disabled operation: EMC
17.07.2014 14:52:59 org.apache.pdfbox.util.TestImageIOUtils writeImage
INFO: Writing: target/test-output/ImageIOUtil/JPXTestCMYK.pdf-bw-1.tif
17.07.2014 14:53:00 org.apache.pdfbox.util.PDFStreamEngine processOperator
INFO: unsupported/disabled operation: BDC
17.07.2014 14:53:00 org.apache.pdfbox.util.PDFStreamEngine processOperator
INFO: unsupported/disabled operation: EMC
17.07.2014 14:53:00 org.apache.pdfbox.util.TestImageIOUtils writeImage
INFO: Writing: target/test-output/ImageIOUtil/JPXTestCMYK.pdf-co-1.tif
17.07.2014 14:53:01 org.apache.pdfbox.util.TestImageIOUtils doTestFile
INFO: Preparing to convert png_demo.pdf
17.07.2014 14:53:01 org.apache.pdfbox.util.TestImageIOUtils writeImage
INFO: Writing: target/test-output/ImageIOUtil/png_demo.pdf-1.png
17.07.2014 14:53:01 org.apache.pdfbox.util.TestImageIOUtils writeImage
INFO: Writing: target/test-output/ImageIOUtil/png_demo.pdf-1.jpg
17.07.2014 14:53:02 org.apache.pdfbox.util.TestImageIOUtils writeImage
INFO: Writing: target/test-output/ImageIOUtil/png_demo.pdf-1.bmp
17.07.2014 14:53:02 org.apache.pdfbox.util.TestImageIOUtils writeImage
INFO: Writing: target/test-output/ImageIOUtil/png_demo.pdf-1.gif
17.07.2014 14:53:03 org.apache.pdfbox.util.TestImageIOUtils writeImage
INFO: Writing: target/test-output/ImageIOUtil/png_demo.pdf-1.wbmp
17.07.2014 14:53:03 org.apache.pdfbox.util.TestImageIOUtils writeImage
INFO: Writing: target/test-output/ImageIOUtil/png_demo.pdf-bw-1.tif
17.07.2014 14:53:03 org.apache.pdfbox.util.TestImageIOUtils writeImage
INFO: Writing: target/test-output/ImageIOUtil/png_demo.pdf-co-1.tif
17.07.2014 14:53:04 org.apache.pdfbox.util.TestImageIOUtils doTestFile
INFO: Preparing to convert JPXTestRGB.pdf
17.07.2014 14:53:04 org.apache.pdfbox.util.PDFStreamEngine processOperator
INFO: unsupported/disabled operation: BDC
17.07.2014 14:53:04 org.apache.pdfbox.util.PDFStreamEngine processOperator
INFO: unsupported/disabled operation: EMC
17.07.2014 14:53:04 org.apache.pdfbox.util.TestImageIOUtils writeImage
INFO: Writing: target/test-output/ImageIOUtil/JPXTestRGB.pdf-1.png
17.07.2014 14:53:05 org.apache.pdfbox.util.PDFStreamEngine processOperator
INFO: unsupported/disabled operation: BDC
17.07.2014 14:53:05 org.apache.pdfbox.util.PDFStreamEngine processOperator
INFO: unsupported/disabled operation: EMC
17.07.2014 14:53:05 org.apache.pdfbox.util.TestImageIOUtils writeImage
INFO: Writing: target/test-output/ImageIOUtil/JPXTestRGB.pdf-1.jpg
17.07.2014 14:53:06 org.apache.pdfbox.util.PDFStreamEngine processOperator
INFO: unsupported/disabled operation: BDC
17.07.2014 14:53:06 org.apache.pdfbox.util.PDFStreamEngine processOperator
INFO: unsupported/disabled operation: EMC
17.07.2014 14:53:06 org.apache.pdfbox.util.TestImageIOUtils writeImage
INFO: Writing: target/test-output/ImageIOUtil/JPXTestRGB.pdf-1.bmp
17.07.2014 14:53:06 org.apache.pdfbox.util.PDFStreamEngine processOperator
INFO: unsupported/disabled operation: BDC
17.07.2014 14:53:06 org.apache.pdfbox.util.PDFStreamEngine processOperator
INFO: unsupported/disabled operation: EMC
17.07.2014 14:53:06 org.apache.pdfbox.util.TestImageIOUtils writeImage
INFO: Writing: target/test-output/ImageIOUtil/JPXTestRGB.pdf-1.gif
17.07.2014 14:53:07 org.apache.pdfbox.util.PDFStreamEngine processOperator
INFO: unsupported/disabled operation: BDC
17.07.2014 14:53:07 org.apache.pdfbox.util.PDFStreamEngine processOperator
INFO: unsupported/disabled operation: EMC
17.07.2014 14:53:07 org.apache.pdfbox.util.TestImageIOUtils writeImage
INFO: Writing: target/test-output/ImageIOUtil/JPXTestRGB.pdf-1.wbmp
17.07.2014 14:53:07 org.apache.pdfbox.util.PDFStreamEngine processOperator
INFO: unsupported/disabled operation: BDC
17.07.2014 14:53:07 org.apache.pdfbox.util.PDFStreamEngine processOperator
INFO: unsupported/disabled operation: EMC
17.07.2014 14:53:07 org.apache.pdfbox.util.TestImageIOUtils writeImage
INFO: Writing: target/test-output/ImageIOUtil/JPXTestRGB.pdf-bw-1.tif
17.07.2014 14:53:08 org.apache.pdfbox.util.PDFStreamEngine processOperator
INFO: unsupported/disabled operation: BDC
17.07.2014 14:53:08 org.apache.pdfbox.util.PDFStreamEngine processOperator
INFO: unsupported/disabled operation: EMC
17.07.2014 14:53:08 org.apache.pdfbox.util.TestImageIOUtils writeImage
INFO: Writing: target/test-output/ImageIOUtil/JPXTestRGB.pdf-co-1.tif
17.07.2014 14:53:08 org.apache.pdfbox.util.TestTextStripper doTestFile
INFO: Preparing to parse yaddatest.pdf for standard test
17.07.2014 14:53:08 org.apache.pdfbox.util.TestTextStripper doTestFile
INFO: Preparing to parse yaddatest.pdf for sorted test
17.07.2014 14:53:08 org.apache.pdfbox.util.TestTextStripper doTestFile
INFO: Preparing to parse rotation.pdf for standard test
17.07.2014 14:53:09 org.apache.pdfbox.util.TestTextStripper doTestFile
INFO: Preparing to parse rotation.pdf for sorted test
17.07.2014 14:53:09 org.apache.pdfbox.util.TestTextStripper doTestFile
INFO: Preparing to parse hello3.pdf for standard test
17.07.2014 14:53:09 org.apache.pdfbox.util.TestTextStripper doTestFile
INFO: Preparing to parse hello3.pdf for sorted test
17.07.2014 14:53:09 org.apache.pdfbox.util.TestTextStripper doTestFile
INFO: Preparing to parse simple-openoffice.pdf for standard test
17.07.2014 14:53:09 org.apache.pdfbox.util.TestTextStripper doTestFile
INFO: Preparing to parse simple-openoffice.pdf for sorted test
17.07.2014 14:53:09 org.apache.pdfbox.util.TestTextStripper doTestFile
INFO: Preparing to parse FC60_Times.pdf for standard test
17.07.2014 14:53:09 org.apache.fontbox.util.SystemFontManager findTTFontname
WARNUNG: Font not found: CourierNewPSMT
17.07.2014 14:53:09 org.apache.pdfbox.util.TestTextStripper doTestFile
INFO: Preparing to parse FC60_Times.pdf for sorted test
17.07.2014 14:53:09 org.apache.fontbox.util.SystemFontManager findTTFontname
WARNUNG: Font not found: CourierNewPSMT
17.07.2014 14:53:09 org.apache.pdfbox.util.TestTextStripper doTestFile
INFO: Preparing to parse Liste732004001452_001_0.pdf_0_.pdf for standard test
17.07.2014 14:53:09 org.apache.pdfbox.util.TestTextStripper doTestFile
INFO: Preparing to parse Liste732004001452_001_0.pdf_0_.pdf for sorted test
17.07.2014 14:53:09 org.apache.pdfbox.util.TestTextStripper doTestFile
INFO: Preparing to parse sampleForSpec.pdf for standard test
17.07.2014 14:53:09 org.apache.pdfbox.util.TestTextStripper doTestFile
INFO: Preparing to parse sampleForSpec.pdf for sorted test
17.07.2014 14:53:09 org.apache.pdfbox.util.TestTextStripper doTestFile
INFO: Preparing to parse cweb.pdf for standard test
17.07.2014 14:53:10 org.apache.pdfbox.util.TestTextStripper doTestFile
INFO: Preparing to parse cweb.pdf for sorted test
17.07.2014 14:53:10 org.apache.pdfbox.util.TestTextStripper doTestFile
INFO: Preparing to parse openoffice-test-document.pdf for standard test
17.07.2014 14:53:10 org.apache.pdfbox.util.TestTextStripper doTestFile
INFO: Preparing to parse openoffice-test-document.pdf for sorted test
17.07.2014 14:53:10 org.apache.pdfbox.util.TestTextStripper doTestFile
INFO: Preparing to parse allah2.pdf for standard test
17.07.2014 14:53:10 org.apache.pdfbox.util.TestTextStripper doTestFile
INFO: Preparing to parse allah2.pdf for sorted test
17.07.2014 14:53:10 org.apache.pdfbox.util.TestTextStripper doTestFile
INFO: Preparing to parse data-000001.pdf for standard test
17.07.2014 14:53:10 org.apache.pdfbox.util.TestTextStripper doTestFile
INFO: Preparing to parse data-000001.pdf for sorted test
17.07.2014 14:53:10 org.apache.pdfbox.util.TestTextStripper doTestFile
INFO: Preparing to parse sample_fonts_solidconvertor.pdf for standard test
17.07.2014 14:53:10 org.apache.fontbox.util.SystemFontManager findTTFontname
WARNUNG: Font not found: Tahoma
17.07.2014 14:53:10 org.apache.fontbox.util.SystemFontManager findTTFontname
WARNUNG: Font not found: ArialBlack
17.07.2014 14:53:10 org.apache.fontbox.util.SystemFontManager findTTFontname
WARNUNG: Font not found: ArialRoundedMTBold
17.07.2014 14:53:10 org.apache.pdfbox.util.TestTextStripper doTestFile
INFO: Preparing to parse sample_fonts_solidconvertor.pdf for sorted test
17.07.2014 14:53:10 org.apache.fontbox.util.SystemFontManager findTTFontname
WARNUNG: Font not found: Tahoma
17.07.2014 14:53:10 org.apache.fontbox.util.SystemFontManager findTTFontname
WARNUNG: Font not found: ArialBlack
17.07.2014 14:53:10 org.apache.fontbox.util.SystemFontManager findTTFontname
WARNUNG: Font not found: ArialRoundedMTBold
17.07.2014 14:53:10 org.apache.pdfbox.util.PDFStreamEngine processOperator
INFO: unsupported/disabled operation: BDC
17.07.2014 14:53:10 org.apache.pdfbox.util.PDFStreamEngine processOperator
INFO: unsupported/disabled operation: BDC
17.07.2014 14:53:10 org.apache.pdfbox.util.PDFStreamEngine processOperator
INFO: unsupported/disabled operation: EMC
17.07.2014 14:53:10 org.apache.pdfbox.util.PDFStreamEngine processOperator
INFO: unsupported/disabled operation: i
17.07.2014 14:53:10 org.apache.pdfbox.util.PDFStreamEngine processOperator
INFO: unsupported/disabled operation: BDC
17.07.2014 14:53:10 org.apache.pdfbox.util.PDFStreamEngine processOperator
INFO: unsupported/disabled operation: EMC
17.07.2014 14:53:10 org.apache.pdfbox.util.PDFStreamEngine processOperator
INFO: unsupported/disabled operation: BDC
17.07.2014 14:53:10 org.apache.pdfbox.util.PDFStreamEngine processOperator
INFO: unsupported/disabled operation: EMC
17.07.2014 14:53:10 org.apache.pdfbox.util.PDFStreamEngine processOperator
INFO: unsupported/disabled operation: BDC
17.07.2014 14:53:10 org.apache.pdfbox.util.PDFStreamEngine processOperator
INFO: unsupported/disabled operation: EMC
17.07.2014 14:53:10 org.apache.pdfbox.util.PDFStreamEngine processOperator
INFO: unsupported/disabled operation: i
17.07.2014 14:53:12 org.apache.pdfbox.util.PDFStreamEngine processOperator
INFO: unsupported/disabled operation: EMC
17.07.2014 14:53:12 org.apache.pdfbox.pdmodel.common.PDNumberTreeNode getValue
WARNUNG: NumberTreeNode does not have "nums" nor "kids" objects.
17.07.2014 14:53:15 org.apache.pdfbox.pdfparser.PDFParser parseXrefTable
WARNUNG: Count in xref table is 0 at offset 284547
17.07.2014 14:53:15 org.apache.pdfbox.pdfparser.PDFParser parseXrefTable
WARNUNG: Count in xref table is 0 at offset 289526
